<?xml version="1.0" encoding="UTF-8"?>
<!-- Generated by org.testng.reporters.JUnitReportReporter -->
<testsuite hostname="DESKTOP-4SERDGF" failures="0" tests="6" name="testNgKey_words.MixedKeywordUse" time="0.041" errors="0" timestamp="2023-12-21T17:12:52 IST" skipped="0">
  <testcase classname="testNgKey_words.MixedKeywordUse" name="c" time="0.015">
    <system-out>
      <![CDATA[ TC c is running]]>
    </system-out>
  </testcase> <!-- c -->
  <testcase classname="testNgKey_words.MixedKeywordUse" name="a" time="0.003">
    <system-out>
      <![CDATA[ TC a is running]]>
    </system-out>
  </testcase> <!-- a -->
  <testcase classname="testNgKey_words.MixedKeywordUse" name="d" time="0.008">
    <system-out>
      <![CDATA[ TC d is running]]>
    </system-out>
  </testcase> <!-- d -->
  <testcase classname="testNgKey_words.MixedKeywordUse" name="a" time="0.005">
    <system-out>
      <![CDATA[ TC a is running]]>
    </system-out>
  </testcase> <!-- a -->
  <testcase classname="testNgKey_words.MixedKeywordUse" name="a" time="0.005">
    <system-out>
      <![CDATA[ TC a is running]]>
    </system-out>
  </testcase> <!-- a -->
  <testcase classname="testNgKey_words.MixedKeywordUse" name="b" time="0.005">
    <system-out>
      <![CDATA[ TC b is running]]>
    </system-out>
  </testcase> <!-- b -->
  <system-out>
    <![CDATA[ TC c is running
 TC a is running
 TC a is running
 TC a is running
 TC d is running
 TC b is running]]>
  </system-out>
</testsuite> <!-- testNgKey_words.MixedKeywordUse -->
