<?xml version="1.0" encoding="UTF-8"?>
<!-- Generated by org.testng.reporters.JUnitReportReporter -->
<testsuite hostname="DESKTOP-4SERDGF" failures="0" tests="2" name="testNGXMLUse.ExcludeMyClass" time="0.019" errors="0" timestamp="2024-01-06T04:04:44 IST" skipped="0">
  <testcase classname="testNGXMLUse.ExcludeMyClass" name="Tc4" time="0.006">
    <system-out>
      <![CDATA[TC 4 is running]]>
    </system-out>
  </testcase> <!-- Tc4 -->
  <testcase classname="testNGXMLUse.ExcludeMyClass" name="Tc2" time="0.013">
    <system-out>
      <![CDATA[TC 2 is running]]>
    </system-out>
  </testcase> <!-- Tc2 -->
  <system-out>
    <![CDATA[TC 2 is running
TC 4 is running]]>
  </system-out>
</testsuite> <!-- testNGXMLUse.ExcludeMyClass -->
