<?xml version="1.0" encoding="UTF-8"?>
<!-- Generated by org.testng.reporters.JUnitReportReporter -->
<testsuite hostname="DESKTOP-4SERDGF" failures="0" tests="1" name="testNgKey_words.UseTimeOutKeyword" time="6.037" errors="0" timestamp="2023-12-21T17:24:41 IST" skipped="0">
  <testcase classname="testNgKey_words.UseTimeOutKeyword" name="Payment" time="6.037">
    <system-out>
      <![CDATA[ Payment done successfully]]>
    </system-out>
  </testcase> <!-- Payment -->
  <system-out>
    <![CDATA[ Payment done successfully]]>
  </system-out>
</testsuite> <!-- testNgKey_words.UseTimeOutKeyword -->
