<?xml version="1.0" encoding="UTF-8"?>
<!-- Generated by org.testng.reporters.JUnitReportReporter -->
<testsuite hostname="DESKTOP-4SERDGF" failures="0" tests="1" name="testNGStudy.Sample1TestNG" time="0.015" errors="0" timestamp="2023-12-18T16:19:57 IST" skipped="0">
  <testcase classname="testNGStudy.Sample1TestNG" name="Display1" time="0.015">
    <system-out>
      <![CDATA[ hi my name is krishiv]]>
    </system-out>
  </testcase> <!-- Display1 -->
  <system-out>
    <![CDATA[ hi my name is krishiv]]>
  </system-out>
</testsuite> <!-- testNGStudy.Sample1TestNG -->
