<?xml version="1.0" encoding="UTF-8"?>
<!-- Generated by org.testng.reporters.JUnitReportReporter -->
<testsuite hostname="DESKTOP-4SERDGF" failures="0" tests="3" name="dataProviderClass.FBAccountForm" time="70.837" errors="0" timestamp="2023-12-27T15:03:23 IST" skipped="0">
  <testcase classname="dataProviderClass.FBAccountForm" name="fbTest" time="27.749"/>
  <testcase classname="dataProviderClass.FBAccountForm" name="fbTest" time="20.866"/>
  <testcase classname="dataProviderClass.FBAccountForm" name="fbTest" time="22.222"/>
</testsuite> <!-- dataProviderClass.FBAccountForm -->
