<?xml version="1.0" encoding="UTF-8"?>
<!-- Generated by org.testng.reporters.JUnitReportReporter -->
<testsuite hostname="DESKTOP-4SERDGF" failures="0" tests="4" name="testNgKey_words.UseKeywordPriority" time="0.023" errors="0" timestamp="2023-12-20T17:13:20 IST" skipped="0">
  <testcase classname="testNgKey_words.UseKeywordPriority" name="b" time="0.013">
    <system-out>
      <![CDATA[ TC b is running]]>
    </system-out>
  </testcase> <!-- b -->
  <testcase classname="testNgKey_words.UseKeywordPriority" name="a" time="0.004">
    <system-out>
      <![CDATA[ TC a is running]]>
    </system-out>
  </testcase> <!-- a -->
  <testcase classname="testNgKey_words.UseKeywordPriority" name="d" time="0.003">
    <system-out>
      <![CDATA[ TC d is running]]>
    </system-out>
  </testcase> <!-- d -->
  <testcase classname="testNgKey_words.UseKeywordPriority" name="c" time="0.003">
    <system-out>
      <![CDATA[ TC c is running]]>
    </system-out>
  </testcase> <!-- c -->
  <system-out>
    <![CDATA[ TC b is running
 TC a is running
 TC d is running
 TC c is running]]>
  </system-out>
</testsuite> <!-- testNgKey_words.UseKeywordPriority -->
