<?xml version="1.0" encoding="UTF-8"?>
<!-- Generated by org.testng.reporters.JUnitReportReporter -->
<testsuite hostname="DESKTOP-4SERDGF" failures="0" tests="3" name="testNGStudy.TestNGExample2" time="98.078" errors="0" timestamp="2023-12-18T15:58:59 IST" skipped="0">
  <testcase classname="testNGStudy.TestNGExample2" name="instaLaunch" time="31.698">
    <system-out>
      <![CDATA[ Insta Launching]]>
    </system-out>
  </testcase> <!-- instaLaunch -->
  <testcase classname="testNGStudy.TestNGExample2" name="fbLaunch" time="35.822">
    <system-out>
      <![CDATA[ FB Launching]]>
    </system-out>
  </testcase> <!-- fbLaunch -->
  <testcase classname="testNGStudy.TestNGExample2" name="twitterLaunch" time="30.558">
    <system-out>
      <![CDATA[ twitter Launching]]>
    </system-out>
  </testcase> <!-- twitterLaunch -->
  <system-out>
    <![CDATA[ FB Launching
 Insta Launching
 twitter Launching]]>
  </system-out>
</testsuite> <!-- testNGStudy.TestNGExample2 -->
