<?xml version="1.0" encoding="UTF-8"?>
<!-- Generated by org.testng.reporters.JUnitReportReporter -->
<testsuite hostname="DESKTOP-4SERDGF" failures="0" tests="2" name="testNGAnotationUse.BeforeMethodUse" time="0.070" errors="0" timestamp="2023-12-19T15:50:21 IST" skipped="0">
  <testcase classname="testNGAnotationUse.BeforeMethodUse" name="myMethod1" time="0.013">
    <system-out>
      <![CDATA[ TC is my Method1 its running]]>
    </system-out>
  </testcase> <!-- myMethod1 -->
  <testcase classname="testNGAnotationUse.BeforeMethodUse" name="myMethod2" time="0.057">
    <system-out>
      <![CDATA[ TC is my Method2 its running]]>
    </system-out>
  </testcase> <!-- myMethod2 -->
  <system-out>
    <![CDATA[ login is done
 TC is my Method1 its running
 logout is  done
 login is done
 TC is my Method2 its running
 logout is  done]]>
  </system-out>
</testsuite> <!-- testNGAnotationUse.BeforeMethodUse -->
