<?xml version="1.0" encoding="UTF-8"?>
<!-- Generated by org.testng.reporters.JUnitReportReporter -->
<testsuite hostname="DESKTOP-4SERDGF" failures="0" tests="4" name="testNgKey_words.UseEnabeledKeyword" time="0.024" errors="0" timestamp="2023-12-21T17:05:42 IST" skipped="1">
  <testcase classname="testNgKey_words.UseEnabeledKeyword" name="d" time="0.005">
    <system-out>
      <![CDATA[ TC d is running]]>
    </system-out>
  </testcase> <!-- d -->
  <testcase classname="testNgKey_words.UseEnabeledKeyword" name="a" time="0.016">
    <system-out>
      <![CDATA[ TC a is running]]>
    </system-out>
  </testcase> <!-- a -->
  <testcase classname="testNgKey_words.UseEnabeledKeyword" name="b" time="0.003">
    <system-out>
      <![CDATA[ TC b is running]]>
    </system-out>
  </testcase> <!-- b -->
  <testcase classname="testNgKey_words.UseEnabeledKeyword" name="c">
    <skipped/>
  </testcase> <!-- c -->
  <system-out>
    <![CDATA[ TC a is running
 TC b is running
 TC d is running]]>
  </system-out>
</testsuite> <!-- testNgKey_words.UseEnabeledKeyword -->
