<?xml version="1.0" encoding="UTF-8"?>
<!-- Generated by org.testng.reporters.JUnitReportReporter -->
<testsuite hostname="DESKTOP-4SERDGF" failures="0" tests="6" name="testNgKey_words.UseKeyWordInvocationCount" time="0.040" errors="0" timestamp="2023-12-20T17:09:57 IST" skipped="0">
  <testcase classname="testNgKey_words.UseKeyWordInvocationCount" name="c" time="0.003">
    <system-out>
      <![CDATA[ TC c is running]]>
    </system-out>
  </testcase> <!-- c -->
  <testcase classname="testNgKey_words.UseKeyWordInvocationCount" name="c" time="0.006">
    <system-out>
      <![CDATA[ TC c is running]]>
    </system-out>
  </testcase> <!-- c -->
  <testcase classname="testNgKey_words.UseKeyWordInvocationCount" name="b" time="0.004">
    <system-out>
      <![CDATA[ TC b is running]]>
    </system-out>
  </testcase> <!-- b -->
  <testcase classname="testNgKey_words.UseKeyWordInvocationCount" name="a" time="0.015">
    <system-out>
      <![CDATA[ TC a is running]]>
    </system-out>
  </testcase> <!-- a -->
  <testcase classname="testNgKey_words.UseKeyWordInvocationCount" name="c" time="0.006">
    <system-out>
      <![CDATA[ TC c is running]]>
    </system-out>
  </testcase> <!-- c -->
  <testcase classname="testNgKey_words.UseKeyWordInvocationCount" name="c" time="0.006">
    <system-out>
      <![CDATA[ TC c is running]]>
    </system-out>
  </testcase> <!-- c -->
  <system-out>
    <![CDATA[ TC a is running
 TC b is running
 TC c is running
 TC c is running
 TC c is running
 TC c is running]]>
  </system-out>
</testsuite> <!-- testNgKey_words.UseKeyWordInvocationCount -->
