<?xml version="1.0" encoding="UTF-8"?>
<!-- Generated by org.testng.reporters.JUnitReportReporter -->
<testsuite hostname="DESKTOP-4SERDGF" failures="0" tests="1" name="testNGStudy.TestNGClass1" time="0.016" errors="0" timestamp="2023-12-18T15:42:33 IST" skipped="0">
  <testcase classname="testNGStudy.TestNGClass1" name="myMethod" time="0.016">
    <system-out>
      <![CDATA[Hi this is Reporter,without boolean parameter
Hi this is Reporter,with boolean parameter]]>
    </system-out>
  </testcase> <!-- myMethod -->
  <system-out>
    <![CDATA[Hi this is Reporter,without boolean parameter
Hi this is Reporter,with boolean parameter]]>
  </system-out>
</testsuite> <!-- testNGStudy.TestNGClass1 -->
