<?xml version="1.0" encoding="UTF-8"?>
<!-- Generated by org.testng.reporters.JUnitReportReporter -->
<testsuite hostname="DESKTOP-4SERDGF" failures="0" tests="1" name="testNGStudy.FirstProgramOnTestNG" time="28.783" errors="0" timestamp="2023-12-18T15:19:39 IST" skipped="0">
  <testcase classname="testNGStudy.FirstProgramOnTestNG" name="KiteLogin" time="28.783"/>
</testsuite> <!-- testNGStudy.FirstProgramOnTestNG -->
