<?xml version="1.0" encoding="UTF-8"?>
<!-- Generated by org.testng.reporters.JUnitReportReporter -->
<testsuite hostname="DESKTOP-4SERDGF" failures="0" tests="1" name="testNGXmlFile.Ajio" time="104.205" errors="0" timestamp="2023-12-25T15:38:45 IST" skipped="0">
  <testcase classname="testNGXmlFile.Ajio" name="AjioTest" time="104.205"/>
</testsuite> <!-- testNGXmlFile.Ajio -->
