<?xml version="1.0" encoding="UTF-8"?>
<!-- Generated by org.testng.reporters.JUnitReportReporter -->
<testsuite hostname="DESKTOP-4SERDGF" failures="0" tests="2" name="testNGAnotationUse.AfterMethodUse" time="0.062" errors="0" timestamp="2023-12-19T15:42:45 IST" skipped="0">
  <testcase classname="testNGAnotationUse.AfterMethodUse" name="TC2" time="0.045">
    <system-out>
      <![CDATA[TC2 is running]]>
    </system-out>
  </testcase> <!-- TC2 -->
  <testcase classname="testNGAnotationUse.AfterMethodUse" name="TC1" time="0.017">
    <system-out>
      <![CDATA[TC1 is running]]>
    </system-out>
  </testcase> <!-- TC1 -->
  <system-out>
    <![CDATA[ Open brouser before class
before Method is running
TC1 is running
after Method is running
before Method is running
TC2 is running
after Method is running
 close brouser after class]]>
  </system-out>
</testsuite> <!-- testNGAnotationUse.AfterMethodUse -->
