<?xml version="1.0" encoding="UTF-8"?>
<!-- Generated by org.testng.reporters.JUnitReportReporter -->
<testsuite hostname="DESKTOP-4SERDGF" failures="0" tests="2" name="testNGAnotationUse.TestClass1" time="0.031" errors="0" timestamp="2023-12-20T17:15:09 IST" skipped="0">
  <testcase classname="testNGAnotationUse.TestClass1" name="TC1" time="0.014">
    <system-out>
      <![CDATA[Running TC1]]>
    </system-out>
  </testcase> <!-- TC1 -->
  <testcase classname="testNGAnotationUse.TestClass1" name="TC2" time="0.017">
    <system-out>
      <![CDATA[Running TC2]]>
    </system-out>
  </testcase> <!-- TC2 -->
  <system-out>
    <![CDATA[ before suit is running
 before Test is running
 before class is running
before method is running
Running TC1
 afterMethod is running
before method is running
Running TC2
 afterMethod is running
 after class is running
 after Test is running
 after suit is running]]>
  </system-out>
</testsuite> <!-- testNGAnotationUse.TestClass1 -->
