<?xml version="1.0" encoding="UTF-8"?>
<!-- Generated by org.testng.reporters.JUnitReportReporter -->
<testsuite hostname="DESKTOP-4SERDGF" failures="0" tests="1" name="dataProvider.FBAccountForm" time="58.979" errors="0" timestamp="2023-12-27T14:24:32 IST" skipped="0">
  <testcase classname="dataProvider.FBAccountForm" name="fbTest" time="58.979"/>
</testsuite> <!-- dataProvider.FBAccountForm -->
