<?xml version="1.0" encoding="UTF-8"?>
<!-- Generated by org.testng.reporters.JUnitReportReporter -->
<testsuite hostname="DESKTOP-4SERDGF" failures="0" tests="2" name="testNGXMLUse.IncludeMyClass" time="0.021" errors="0" timestamp="2024-01-06T03:56:20 IST" skipped="0">
  <testcase classname="testNGXMLUse.IncludeMyClass" name="Tc2" time="0.019">
    <system-out>
      <![CDATA[TC 2 is running]]>
    </system-out>
  </testcase> <!-- Tc2 -->
  <testcase classname="testNGXMLUse.IncludeMyClass" name="Tc3" time="0.002">
    <system-out>
      <![CDATA[TC 3 is running]]>
    </system-out>
  </testcase> <!-- Tc3 -->
  <system-out>
    <![CDATA[TC 2 is running
TC 3 is running]]>
  </system-out>
</testsuite> <!-- testNGXMLUse.IncludeMyClass -->
