<?xml version="1.0" encoding="UTF-8"?>
<!-- Generated by org.testng.reporters.JUnitReportReporter -->
<testsuite hostname="DESKTOP-4SERDGF" failures="0" tests="3" name="testNGXmlFile.testNGSerialExecution" time="166.120" errors="0" timestamp="2023-12-25T14:15:23 IST" skipped="0">
  <testcase classname="testNGXmlFile.testNGSerialExecution" name="instaLaunvhing" time="32.764">
    <system-out>
      <![CDATA[Insta launching]]>
    </system-out>
  </testcase> <!-- instaLaunvhing -->
  <testcase classname="testNGXmlFile.testNGSerialExecution" name="twitterLaunvhing" time="43.973">
    <system-out>
      <![CDATA[twitter launching]]>
    </system-out>
  </testcase> <!-- twitterLaunvhing -->
  <testcase classname="testNGXmlFile.testNGSerialExecution" name="fblLaunch" time="89.383">
    <system-out>
      <![CDATA[Fb launching]]>
    </system-out>
  </testcase> <!-- fblLaunch -->
  <system-out>
    <![CDATA[Fb launching
Insta launching
twitter launching]]>
  </system-out>
</testsuite> <!-- testNGXmlFile.testNGSerialExecution -->
